#-----------------------------------------------------------
# Vivado v2020.1 (64-bit)
# SW Build 2902540 on Wed May 27 19:54:49 MDT 2020
# IP Build 2902112 on Wed May 27 22:43:36 MDT 2020
# Start of session at: Tue Nov 29 12:41:25 2022
# Process ID: 23784
# Current directory: C:/Users/anshu/OneDrive/Desktop/School/EE324_labs/Lab1
# Command line: vivado.exe -gui_launcher_event rodinguilauncherevent44392 C:\Users\anshu\OneDrive\Desktop\School\EE324_labs\Lab1\Lab1.xpr
# Log file: C:/Users/anshu/OneDrive/Desktop/School/EE324_labs/Lab1/vivado.log
# Journal file: C:/Users/anshu/OneDrive/Desktop/School/EE324_labs/Lab1\vivado.jou
#-----------------------------------------------------------
start_gui
open_project C:/Users/anshu/OneDrive/Desktop/School/EE324_labs/Lab1/Lab1.xpr
Scanning sources...
Finished scanning sources
WARNING: [filemgmt 56-3] Default IP Output Path : Could not find the directory 'C:/Users/anshu/OneDrive/Desktop/School/EE324_labs/Lab1/Lab1.srcs/sources_1'.
INFO: [IP_Flow 19-234] Refreshing IP repositories
INFO: [IP_Flow 19-1704] No user IP repositories specified
INFO: [IP_Flow 19-2313] Loaded Vivado IP repository 'C:/Xilinx/Vivado/2020.1/data/ip'.
open_project: Time (s): cpu = 00:00:12 ; elapsed = 00:00:05 . Memory (MB): peak = 1080.066 ; gain = 0.000
update_compile_order -fileset sources_1
exit
INFO: [Common 17-206] Exiting Vivado at Tue Nov 29 12:41:53 2022...
